g++  -std=c++11 -Wall -g -fopenmp  -c -o sph.o sph.cpp
g++  -std=c++11 -Wall -g -fopenmp  -c -o params.o params.cpp
g++  -std=c++11 -Wall -g -fopenmp  -c -o state.o state.cpp
g++  -std=c++11 -Wall -g -fopenmp  -c -o binhash.o binhash.cpp
g++  -std=c++11 -Wall -g -fopenmp  -c -o interact.o interact.cpp
g++  -std=c++11 -Wall -g -fopenmp  -c -o leapfrog.o leapfrog.cpp
g++  -std=c++11 -Wall -g -fopenmp  -c -o io_txt.o io_txt.cpp
CC -std=c++11 -Wall -g -fopenmp sph.o params.o state.o binhash.o interact.o leapfrog.o io_txt.o -o sph.x -lm
Frame: 1 of 400 - 0.2%
Frame: 2 of 400 - 0.5%
Frame: 3 of 400 - 0.8%
Frame: 4 of 400 - 1.0%
Frame: 5 of 400 - 1.2%
Frame: 6 of 400 - 1.5%
Frame: 7 of 400 - 1.8%
Frame: 8 of 400 - 2.0%
Frame: 9 of 400 - 2.2%
Frame: 10 of 400 - 2.5%
Frame: 11 of 400 - 2.8%
Frame: 12 of 400 - 3.0%
Frame: 13 of 400 - 3.2%
Frame: 14 of 400 - 3.5%
Frame: 15 of 400 - 3.8%
Frame: 16 of 400 - 4.0%
Frame: 17 of 400 - 4.2%
Frame: 18 of 400 - 4.5%
Frame: 19 of 400 - 4.8%
Frame: 20 of 400 - 5.0%
Frame: 21 of 400 - 5.2%
Frame: 22 of 400 - 5.5%
Frame: 23 of 400 - 5.8%
Frame: 24 of 400 - 6.0%
Frame: 25 of 400 - 6.2%
Frame: 26 of 400 - 6.5%
Frame: 27 of 400 - 6.8%
Frame: 28 of 400 - 7.0%
Frame: 29 of 400 - 7.2%
Frame: 30 of 400 - 7.5%
Frame: 31 of 400 - 7.8%
Frame: 32 of 400 - 8.0%
Frame: 33 of 400 - 8.2%
Frame: 34 of 400 - 8.5%
Frame: 35 of 400 - 8.8%
Frame: 36 of 400 - 9.0%
Frame: 37 of 400 - 9.2%
Frame: 38 of 400 - 9.5%
Frame: 39 of 400 - 9.8%
Frame: 40 of 400 - 10.0%
Frame: 41 of 400 - 10.2%
Frame: 42 of 400 - 10.5%
Frame: 43 of 400 - 10.8%
Frame: 44 of 400 - 11.0%
Frame: 45 of 400 - 11.2%
Frame: 46 of 400 - 11.5%
Frame: 47 of 400 - 11.8%
Frame: 48 of 400 - 12.0%
Frame: 49 of 400 - 12.2%
Frame: 50 of 400 - 12.5%
Frame: 51 of 400 - 12.8%
Frame: 52 of 400 - 13.0%
Frame: 53 of 400 - 13.2%
Frame: 54 of 400 - 13.5%
Frame: 55 of 400 - 13.8%
Frame: 56 of 400 - 14.0%
Frame: 57 of 400 - 14.2%
Frame: 58 of 400 - 14.5%
Frame: 59 of 400 - 14.8%
Frame: 60 of 400 - 15.0%
Frame: 61 of 400 - 15.2%
Frame: 62 of 400 - 15.5%
Frame: 63 of 400 - 15.8%
Frame: 64 of 400 - 16.0%
Frame: 65 of 400 - 16.2%
Frame: 66 of 400 - 16.5%
Frame: 67 of 400 - 16.8%
Frame: 68 of 400 - 17.0%
Frame: 69 of 400 - 17.2%
Frame: 70 of 400 - 17.5%
Frame: 71 of 400 - 17.8%
Frame: 72 of 400 - 18.0%
Frame: 73 of 400 - 18.2%
Frame: 74 of 400 - 18.5%
Frame: 75 of 400 - 18.8%
Frame: 76 of 400 - 19.0%
Frame: 77 of 400 - 19.2%
Frame: 78 of 400 - 19.5%
Frame: 79 of 400 - 19.8%
Frame: 80 of 400 - 20.0%
Frame: 81 of 400 - 20.2%
Frame: 82 of 400 - 20.5%
Frame: 83 of 400 - 20.8%
Frame: 84 of 400 - 21.0%
Frame: 85 of 400 - 21.2%
Frame: 86 of 400 - 21.5%
Frame: 87 of 400 - 21.8%
Frame: 88 of 400 - 22.0%
Frame: 89 of 400 - 22.2%
Frame: 90 of 400 - 22.5%
Frame: 91 of 400 - 22.8%
Frame: 92 of 400 - 23.0%
Frame: 93 of 400 - 23.2%
Frame: 94 of 400 - 23.5%
Frame: 95 of 400 - 23.8%
Frame: 96 of 400 - 24.0%
Frame: 97 of 400 - 24.2%
Frame: 98 of 400 - 24.5%
Frame: 99 of 400 - 24.8%
Frame: 100 of 400 - 25.0%
Frame: 101 of 400 - 25.2%
Frame: 102 of 400 - 25.5%
Frame: 103 of 400 - 25.8%
Frame: 104 of 400 - 26.0%
Frame: 105 of 400 - 26.2%
Frame: 106 of 400 - 26.5%
Frame: 107 of 400 - 26.8%
Frame: 108 of 400 - 27.0%
Frame: 109 of 400 - 27.2%
Frame: 110 of 400 - 27.5%
Frame: 111 of 400 - 27.8%
Frame: 112 of 400 - 28.0%
Frame: 113 of 400 - 28.2%
Frame: 114 of 400 - 28.5%
Frame: 115 of 400 - 28.8%
Frame: 116 of 400 - 29.0%
Frame: 117 of 400 - 29.2%
Frame: 118 of 400 - 29.5%
Frame: 119 of 400 - 29.8%
Frame: 120 of 400 - 30.0%
Frame: 121 of 400 - 30.2%
Frame: 122 of 400 - 30.5%
Frame: 123 of 400 - 30.8%
Frame: 124 of 400 - 31.0%
Frame: 125 of 400 - 31.2%
Frame: 126 of 400 - 31.5%
Frame: 127 of 400 - 31.8%
Frame: 128 of 400 - 32.0%
Frame: 129 of 400 - 32.2%
Frame: 130 of 400 - 32.5%
Frame: 131 of 400 - 32.8%
Frame: 132 of 400 - 33.0%
Frame: 133 of 400 - 33.2%
Frame: 134 of 400 - 33.5%
Frame: 135 of 400 - 33.8%
Frame: 136 of 400 - 34.0%
Frame: 137 of 400 - 34.2%
Frame: 138 of 400 - 34.5%
Frame: 139 of 400 - 34.8%
Frame: 140 of 400 - 35.0%
Frame: 141 of 400 - 35.2%
Frame: 142 of 400 - 35.5%
Frame: 143 of 400 - 35.8%
Frame: 144 of 400 - 36.0%
Frame: 145 of 400 - 36.2%
Frame: 146 of 400 - 36.5%
Frame: 147 of 400 - 36.8%
Frame: 148 of 400 - 37.0%
Frame: 149 of 400 - 37.2%
Frame: 150 of 400 - 37.5%
Frame: 151 of 400 - 37.8%
Frame: 152 of 400 - 38.0%
Frame: 153 of 400 - 38.2%
Frame: 154 of 400 - 38.5%
Frame: 155 of 400 - 38.8%
Frame: 156 of 400 - 39.0%
Frame: 157 of 400 - 39.2%
Frame: 158 of 400 - 39.5%
Frame: 159 of 400 - 39.8%
Frame: 160 of 400 - 40.0%
Frame: 161 of 400 - 40.2%
Frame: 162 of 400 - 40.5%
Frame: 163 of 400 - 40.8%
Frame: 164 of 400 - 41.0%
Frame: 165 of 400 - 41.2%
Frame: 166 of 400 - 41.5%
Frame: 167 of 400 - 41.8%
Frame: 168 of 400 - 42.0%
Frame: 169 of 400 - 42.2%
Frame: 170 of 400 - 42.5%
Frame: 171 of 400 - 42.8%
Frame: 172 of 400 - 43.0%
Frame: 173 of 400 - 43.2%
Frame: 174 of 400 - 43.5%
Frame: 175 of 400 - 43.8%
Frame: 176 of 400 - 44.0%
Frame: 177 of 400 - 44.2%
Frame: 178 of 400 - 44.5%
Frame: 179 of 400 - 44.8%
Frame: 180 of 400 - 45.0%
Frame: 181 of 400 - 45.2%
Frame: 182 of 400 - 45.5%
Frame: 183 of 400 - 45.8%
Frame: 184 of 400 - 46.0%
Frame: 185 of 400 - 46.2%
Frame: 186 of 400 - 46.5%
Frame: 187 of 400 - 46.8%
Frame: 188 of 400 - 47.0%
Frame: 189 of 400 - 47.2%
Frame: 190 of 400 - 47.5%
Frame: 191 of 400 - 47.8%
Frame: 192 of 400 - 48.0%
Frame: 193 of 400 - 48.2%
Frame: 194 of 400 - 48.5%
Frame: 195 of 400 - 48.8%
Frame: 196 of 400 - 49.0%
Frame: 197 of 400 - 49.2%
Frame: 198 of 400 - 49.5%
Frame: 199 of 400 - 49.8%
Frame: 200 of 400 - 50.0%
Frame: 201 of 400 - 50.2%
Frame: 202 of 400 - 50.5%
Frame: 203 of 400 - 50.8%
Frame: 204 of 400 - 51.0%
Frame: 205 of 400 - 51.2%
Frame: 206 of 400 - 51.5%
Frame: 207 of 400 - 51.8%
Frame: 208 of 400 - 52.0%
Frame: 209 of 400 - 52.2%
Frame: 210 of 400 - 52.5%
Frame: 211 of 400 - 52.8%
Frame: 212 of 400 - 53.0%
Frame: 213 of 400 - 53.2%
Frame: 214 of 400 - 53.5%
Frame: 215 of 400 - 53.8%
Frame: 216 of 400 - 54.0%
Frame: 217 of 400 - 54.2%
Frame: 218 of 400 - 54.5%
Frame: 219 of 400 - 54.8%
Frame: 220 of 400 - 55.0%
Frame: 221 of 400 - 55.2%
Frame: 222 of 400 - 55.5%
Frame: 223 of 400 - 55.8%
Frame: 224 of 400 - 56.0%
Frame: 225 of 400 - 56.2%
Frame: 226 of 400 - 56.5%
Frame: 227 of 400 - 56.8%
Frame: 228 of 400 - 57.0%
Frame: 229 of 400 - 57.2%
Frame: 230 of 400 - 57.5%
Frame: 231 of 400 - 57.8%
Frame: 232 of 400 - 58.0%
Frame: 233 of 400 - 58.2%
Frame: 234 of 400 - 58.5%
Frame: 235 of 400 - 58.8%
Frame: 236 of 400 - 59.0%
Frame: 237 of 400 - 59.2%
Frame: 238 of 400 - 59.5%
Frame: 239 of 400 - 59.8%
Frame: 240 of 400 - 60.0%
Frame: 241 of 400 - 60.2%
Frame: 242 of 400 - 60.5%
Frame: 243 of 400 - 60.8%
Frame: 244 of 400 - 61.0%
Frame: 245 of 400 - 61.2%
Frame: 246 of 400 - 61.5%
Frame: 247 of 400 - 61.8%
Frame: 248 of 400 - 62.0%
Frame: 249 of 400 - 62.2%
Frame: 250 of 400 - 62.5%
Frame: 251 of 400 - 62.8%
Frame: 252 of 400 - 63.0%
Frame: 253 of 400 - 63.2%
Frame: 254 of 400 - 63.5%
Frame: 255 of 400 - 63.8%
Frame: 256 of 400 - 64.0%
Frame: 257 of 400 - 64.2%
Frame: 258 of 400 - 64.5%
Frame: 259 of 400 - 64.8%
Frame: 260 of 400 - 65.0%
Frame: 261 of 400 - 65.2%
Frame: 262 of 400 - 65.5%
Frame: 263 of 400 - 65.8%
Frame: 264 of 400 - 66.0%
Frame: 265 of 400 - 66.2%
Frame: 266 of 400 - 66.5%
Frame: 267 of 400 - 66.8%
Frame: 268 of 400 - 67.0%
Frame: 269 of 400 - 67.2%
Frame: 270 of 400 - 67.5%
Frame: 271 of 400 - 67.8%
Frame: 272 of 400 - 68.0%
Frame: 273 of 400 - 68.2%
Frame: 274 of 400 - 68.5%
Frame: 275 of 400 - 68.8%
Frame: 276 of 400 - 69.0%
Frame: 277 of 400 - 69.2%
Frame: 278 of 400 - 69.5%
Frame: 279 of 400 - 69.8%
Frame: 280 of 400 - 70.0%
Frame: 281 of 400 - 70.2%
Frame: 282 of 400 - 70.5%
Frame: 283 of 400 - 70.8%
Frame: 284 of 400 - 71.0%
Frame: 285 of 400 - 71.2%
Frame: 286 of 400 - 71.5%
Frame: 287 of 400 - 71.8%
Frame: 288 of 400 - 72.0%
Frame: 289 of 400 - 72.2%
Frame: 290 of 400 - 72.5%
Frame: 291 of 400 - 72.8%
Frame: 292 of 400 - 73.0%
Frame: 293 of 400 - 73.2%
Frame: 294 of 400 - 73.5%
Frame: 295 of 400 - 73.8%
Frame: 296 of 400 - 74.0%
Frame: 297 of 400 - 74.2%
Frame: 298 of 400 - 74.5%
Frame: 299 of 400 - 74.8%
Frame: 300 of 400 - 75.0%
Frame: 301 of 400 - 75.2%
Frame: 302 of 400 - 75.5%
Frame: 303 of 400 - 75.8%
Frame: 304 of 400 - 76.0%
Frame: 305 of 400 - 76.2%
Frame: 306 of 400 - 76.5%
Frame: 307 of 400 - 76.8%
Frame: 308 of 400 - 77.0%
Frame: 309 of 400 - 77.2%
Frame: 310 of 400 - 77.5%
Frame: 311 of 400 - 77.8%
Frame: 312 of 400 - 78.0%
Frame: 313 of 400 - 78.2%
Frame: 314 of 400 - 78.5%
Frame: 315 of 400 - 78.8%
Frame: 316 of 400 - 79.0%
Frame: 317 of 400 - 79.2%
Frame: 318 of 400 - 79.5%
Frame: 319 of 400 - 79.8%
Frame: 320 of 400 - 80.0%
Frame: 321 of 400 - 80.2%
Frame: 322 of 400 - 80.5%
Frame: 323 of 400 - 80.8%
Frame: 324 of 400 - 81.0%
Frame: 325 of 400 - 81.2%
Frame: 326 of 400 - 81.5%
Frame: 327 of 400 - 81.8%
Frame: 328 of 400 - 82.0%
Frame: 329 of 400 - 82.2%
Frame: 330 of 400 - 82.5%
Frame: 331 of 400 - 82.8%
Frame: 332 of 400 - 83.0%
Frame: 333 of 400 - 83.2%
Frame: 334 of 400 - 83.5%
Frame: 335 of 400 - 83.8%
Frame: 336 of 400 - 84.0%
Frame: 337 of 400 - 84.2%
Frame: 338 of 400 - 84.5%
Frame: 339 of 400 - 84.8%
Frame: 340 of 400 - 85.0%
Frame: 341 of 400 - 85.2%
Frame: 342 of 400 - 85.5%
Frame: 343 of 400 - 85.8%
Frame: 344 of 400 - 86.0%
Frame: 345 of 400 - 86.2%
Frame: 346 of 400 - 86.5%
Frame: 347 of 400 - 86.8%
Frame: 348 of 400 - 87.0%
Frame: 349 of 400 - 87.2%
Frame: 350 of 400 - 87.5%
Frame: 351 of 400 - 87.8%
Frame: 352 of 400 - 88.0%
Frame: 353 of 400 - 88.2%
Frame: 354 of 400 - 88.5%
Frame: 355 of 400 - 88.8%
Frame: 356 of 400 - 89.0%
Frame: 357 of 400 - 89.2%
Frame: 358 of 400 - 89.5%
Frame: 359 of 400 - 89.8%
Frame: 360 of 400 - 90.0%
Frame: 361 of 400 - 90.2%
Frame: 362 of 400 - 90.5%
Frame: 363 of 400 - 90.8%
Frame: 364 of 400 - 91.0%
Frame: 365 of 400 - 91.2%
Frame: 366 of 400 - 91.5%
Frame: 367 of 400 - 91.8%
Frame: 368 of 400 - 92.0%
Frame: 369 of 400 - 92.2%
Frame: 370 of 400 - 92.5%
Frame: 371 of 400 - 92.8%
Frame: 372 of 400 - 93.0%
Frame: 373 of 400 - 93.2%
Frame: 374 of 400 - 93.5%
Frame: 375 of 400 - 93.8%
Frame: 376 of 400 - 94.0%
Frame: 377 of 400 - 94.2%
Frame: 378 of 400 - 94.5%
Frame: 379 of 400 - 94.8%
Frame: 380 of 400 - 95.0%
Frame: 381 of 400 - 95.2%
Frame: 382 of 400 - 95.5%
Frame: 383 of 400 - 95.8%
Frame: 384 of 400 - 96.0%
Frame: 385 of 400 - 96.2%
Frame: 386 of 400 - 96.5%
Frame: 387 of 400 - 96.8%
Frame: 388 of 400 - 97.0%
Frame: 389 of 400 - 97.2%
Frame: 390 of 400 - 97.5%
Frame: 391 of 400 - 97.8%
Frame: 392 of 400 - 98.0%
Frame: 393 of 400 - 98.2%
Frame: 394 of 400 - 98.5%
Frame: 395 of 400 - 98.8%
Frame: 396 of 400 - 99.0%
Frame: 397 of 400 - 99.2%
Frame: 398 of 400 - 99.5%
Frame: 399 of 400 - 99.8%
Ran in 165.952 seconds
Performance data saved to perf_report_32040062.txt
